<?xml version="1.0" encoding="UTF-8"?>
<!-- Generated by org.testng.reporters.JUnitXMLReporter -->
<testsuite hostname="Dannys-MacBook-Pro.local" ignored="2" name="Test" tests="3" failures="0" timestamp="15 Jun 2019 18:50:57 GMT" time="13.246" errors="0">
  <testcase name="addEmployee" time="0.0" classname="com.syntaxTestCases.AddEmployeePageTest">
    <skipped/>
  </testcase> <!-- addEmployee -->
  <testcase name="doLogin" time="3.451" classname="com.syntaxTestCases.LoginPageTest"/>
  <testcase name="loginToOrangeHRM" time="3.067" classname="com.syntaxTestCases.LoginPageTest"/>
  <testcase name="readExcel" time="0.0" classname="com.syntaxTestCases.ExelDemo">
    <ignored/>
  </testcase> <!-- readExcel -->
  <testcase name="negativeLogin" time="0.0" classname="com.syntaxTestCases.LoginPageTest">
    <ignored/>
  </testcase> <!-- negativeLogin -->
</testsuite> <!-- Test -->
