<?xml version="1.0" encoding="UTF-8"?>
<!-- Generated by org.testng.reporters.JUnitXMLReporter -->
<testsuite hostname="Dannys-MBP.home" ignored="5" name="Test" tests="2" failures="0" timestamp="16 Jun 2019 18:06:51 GMT" time="5.768" errors="0">
  <testcase name="addEmployee" time="0.0" classname="com.syntax.testcases.AddEmployeePageTest">
    <skipped/>
  </testcase> <!-- addEmployee -->
  <testcase name="negativeLogin" time="1.443" classname="com.syntax.testcases.LoginPageTest"/>
  <testcase name="doLogin" time="0.0" classname="com.syntax.testcases.LoginPageTest">
    <ignored/>
  </testcase> <!-- doLogin -->
  <testcase name="@BeforeTest generateReport" time="0.0" classname="com.syntax.utils.BaseClass">
    <ignored/>
  </testcase> <!-- @BeforeTest generateReport -->
  <testcase name="@AfterTest flushReport" time="0.0" classname="com.syntax.utils.BaseClass">
    <ignored/>
  </testcase> <!-- @AfterTest flushReport -->
  <testcase name="readExcel" time="0.0" classname="com.syntax.testcases.ExelDemo">
    <ignored/>
  </testcase> <!-- readExcel -->
  <testcase name="loginToOrangeHRM" time="0.0" classname="com.syntax.testcases.LoginPageTest">
    <ignored/>
  </testcase> <!-- loginToOrangeHRM -->
</testsuite> <!-- Test -->
